<html>
<head>
<title>TestNG:  Surefire test</title>
<link href="../testng.css" rel="stylesheet" type="text/css" />
<link href="../my-testng.css" rel="stylesheet" type="text/css" />

<style type="text/css">
.log { display: none;} 
.stack-trace { display: none;} 
</style>
<script type="text/javascript">
<!--
function flip(e) {
  current = e.style.display;
  if (current == 'block') {
    e.style.display = 'none';
    return 0;
  }
  else {
    e.style.display = 'block';
    return 1;
  }
}

function toggleBox(szDivId, elem, msg1, msg2)
{
  var res = -1;  if (document.getElementById) {
    res = flip(document.getElementById(szDivId));
  }
  else if (document.all) {
    // this is the way old msie versions work
    res = flip(document.all[szDivId]);
  }
  if(elem) {
    if(res == 0) elem.innerHTML = msg1; else elem.innerHTML = msg2;
  }

}

function toggleAllBoxes() {
  if (document.getElementsByTagName) {
    d = document.getElementsByTagName('div');
    for (i = 0; i < d.length; i++) {
      if (d[i].className == 'log') {
        flip(d[i]);
      }
    }
  }
}

// -->
</script>

</head>
<body>
<h2 align='center'>Surefire test</h2><table border='1' align="center">
<tr>
<td>Tests passed/Failed/Skipped:</td><td>5/1/0</td>
</tr><tr>
<td>Started on:</td><td>Sun Feb 06 15:25:56 IST 2022</td>
</tr>
<tr><td>Total time:</td><td>62 seconds (62955 ms)</td>
</tr><tr>
<td>Included groups:</td><td></td>
</tr><tr>
<td>Excluded groups:</td><td></td>
</tr>
</table><p/>
<small><i>(Hover the method name to see the test class name)</i></small><p/>
<table width='100%' border='1' class='invocation-failed'>
<tr><td colspan='4' align='center'><b>FAILED TESTS</b></td></tr>
<tr><td><b>Test method</b></td>
<td width="30%"><b>Exception</b></td>
<td width="10%"><b>Time (seconds)</b></td>
<td><b>Instance</b></td>
</tr>
<tr>
<td title='parallel.ParallelRun.runScenario()'><b>runScenario</b><br>Test class: parallel.ParallelRun<br>Test method: Runs Cucumber Scenarios<br>Parameters: "Forgot Password link", "Optional[Login page feature]"</td>
<td><div><pre>org.openqa.selenium.InvalidSelectorException: invalid selector: Unable to locate an element with the xpath expression //*[@for=&apos;RememberMe&apos;??] because of the following error:
SyntaxError: Failed to execute &apos;evaluate&apos; on &apos;Document&apos;: The string &apos;//*[@for=&apos;RememberMe&apos;??]&apos; is not a valid XPath expression.
  (Session info: chrome=97.0.4692.99)
For documentation on this error, please visit: https://www.seleniumhq.org/exceptions/invalid_selector_exception.html
Build info: version: &apos;3.141.59&apos;, revision: &apos;e82be7d358&apos;, time: &apos;2018-11-14T08:17:03&apos;
System info: host: &apos;Jayashrees-MacBook-Air.local&apos;, ip: &apos;fe80:0:0:0:80e:eef7:2902:6258%en0&apos;, os.name: &apos;Mac OS X&apos;, os.arch: &apos;x86_64&apos;, os.version: &apos;10.15.7&apos;, java.version: &apos;1.8.0_261&apos;
Driver info: org.openqa.selenium.chrome.ChromeDriver
Capabilities {acceptInsecureCerts: false, browserName: chrome, browserVersion: 97.0.4692.99, chrome: {chromedriverVersion: 97.0.4692.71 (adefa7837d02a..., userDataDir: /var/folders/q2/b983rsb13pn...}, goog:chromeOptions: {debuggerAddress: localhost:56688}, javascriptEnabled: true, networkConnectionEnabled: false, pageLoadStrategy: normal, platform: MAC, platformName: MAC, proxy: Proxy(), setWindowRect: true, strictFileInteractability: false, timeouts: {implicit: 0, pageLoad: 300000, script: 30000}, unhandledPromptBehavior: dismiss and notify, webauthn:extension:credBlob: true, webauthn:extension:largeBlob: true, webauthn:virtualAuthenticators: true}
Session ID: cc3e06af7de7a7bb587c45b45c1e9ad6
*** Element info: {Using=xpath, value=//*[@for=&apos;RememberMe&apos;??]}
	at org.openqa.selenium.remote.http.W3CHttpResponseCodec.createException(W3CHttpResponseCodec.java:187)
	at org.openqa.selenium.remote.http.W3CHttpResponseCodec.decode(W3CHttpResponseCodec.java:122)
	at org.openqa.selenium.remote.http.W3CHttpResponseCodec.decode(W3CHttpResponseCodec.java:49)
	at org.openqa.selenium.remote.HttpCommandExecutor.execute(HttpCommandExecutor.java:158)
	at org.openqa.selenium.remote.service.DriverCommandExecutor.execute(DriverCommandExecutor.java:83)
	at org.openqa.selenium.remote.RemoteWebDriver.execute(RemoteWebDriver.java:552)
	at org.openqa.selenium.remote.RemoteWebDriver.findElement(RemoteWebDriver.java:323)
	at org.openqa.selenium.remote.RemoteWebDriver.findElementByXPath(RemoteWebDriver.java:428)
	at org.openqa.selenium.By$ByXPath.findElement(By.java:353)
	at org.openqa.selenium.remote.RemoteWebDriver.findElement(RemoteWebDriver.java:315)
	at com.pages.LoginPage.rememberMeisDisplayed(LoginPage.java:44)
	at parallel.Login_steps.forgot_your_password_link_should_be_displayed(Login_steps.java:39)
	at ✽.forgot your password link should be displayed(file:///Users/jayashreehemmige/eclipse-workspace/Cucumber_POM_series_TestNGProject_youtube/src/test/resources/parallel/LoginPage.feature:12)
... Removed 4 stack frames</pre></div><a href='#' onClick='toggleBox("stack-trace2134496283", this, "Click to show all stack frames", "Click to hide stack frames")'>Click to show all stack frames</a>
<div class='stack-trace' id='stack-trace2134496283'><pre>org.openqa.selenium.InvalidSelectorException: invalid selector: Unable to locate an element with the xpath expression //*[@for=&apos;RememberMe&apos;??] because of the following error:
SyntaxError: Failed to execute &apos;evaluate&apos; on &apos;Document&apos;: The string &apos;//*[@for=&apos;RememberMe&apos;??]&apos; is not a valid XPath expression.
  (Session info: chrome=97.0.4692.99)
For documentation on this error, please visit: https://www.seleniumhq.org/exceptions/invalid_selector_exception.html
Build info: version: &apos;3.141.59&apos;, revision: &apos;e82be7d358&apos;, time: &apos;2018-11-14T08:17:03&apos;
System info: host: &apos;Jayashrees-MacBook-Air.local&apos;, ip: &apos;fe80:0:0:0:80e:eef7:2902:6258%en0&apos;, os.name: &apos;Mac OS X&apos;, os.arch: &apos;x86_64&apos;, os.version: &apos;10.15.7&apos;, java.version: &apos;1.8.0_261&apos;
Driver info: org.openqa.selenium.chrome.ChromeDriver
Capabilities {acceptInsecureCerts: false, browserName: chrome, browserVersion: 97.0.4692.99, chrome: {chromedriverVersion: 97.0.4692.71 (adefa7837d02a..., userDataDir: /var/folders/q2/b983rsb13pn...}, goog:chromeOptions: {debuggerAddress: localhost:56688}, javascriptEnabled: true, networkConnectionEnabled: false, pageLoadStrategy: normal, platform: MAC, platformName: MAC, proxy: Proxy(), setWindowRect: true, strictFileInteractability: false, timeouts: {implicit: 0, pageLoad: 300000, script: 30000}, unhandledPromptBehavior: dismiss and notify, webauthn:extension:credBlob: true, webauthn:extension:largeBlob: true, webauthn:virtualAuthenticators: true}
Session ID: cc3e06af7de7a7bb587c45b45c1e9ad6
*** Element info: {Using=xpath, value=//*[@for=&apos;RememberMe&apos;??]}
	at sun.reflect.NativeConstructorAccessorImpl.newInstance0(Native Method)
	at sun.reflect.NativeConstructorAccessorImpl.newInstance(NativeConstructorAccessorImpl.java:62)
	at sun.reflect.DelegatingConstructorAccessorImpl.newInstance(DelegatingConstructorAccessorImpl.java:45)
	at java.lang.reflect.Constructor.newInstance(Constructor.java:423)
	at org.openqa.selenium.remote.http.W3CHttpResponseCodec.createException(W3CHttpResponseCodec.java:187)
	at org.openqa.selenium.remote.http.W3CHttpResponseCodec.decode(W3CHttpResponseCodec.java:122)
	at org.openqa.selenium.remote.http.W3CHttpResponseCodec.decode(W3CHttpResponseCodec.java:49)
	at org.openqa.selenium.remote.HttpCommandExecutor.execute(HttpCommandExecutor.java:158)
	at org.openqa.selenium.remote.service.DriverCommandExecutor.execute(DriverCommandExecutor.java:83)
	at org.openqa.selenium.remote.RemoteWebDriver.execute(RemoteWebDriver.java:552)
	at org.openqa.selenium.remote.RemoteWebDriver.findElement(RemoteWebDriver.java:323)
	at org.openqa.selenium.remote.RemoteWebDriver.findElementByXPath(RemoteWebDriver.java:428)
	at org.openqa.selenium.By$ByXPath.findElement(By.java:353)
	at org.openqa.selenium.remote.RemoteWebDriver.findElement(RemoteWebDriver.java:315)
	at com.pages.LoginPage.rememberMeisDisplayed(LoginPage.java:44)
	at parallel.Login_steps.forgot_your_password_link_should_be_displayed(Login_steps.java:39)
	at ✽.forgot your password link should be displayed(file:///Users/jayashreehemmige/eclipse-workspace/Cucumber_POM_series_TestNGProject_youtube/src/test/resources/parallel/LoginPage.feature:12)
</pre></div></td>
<td>15</td>
<td>parallel.ParallelRun@1bce4f0a</td></tr>
</table><p>
<table width='100%' border='1' class='invocation-passed'>
<tr><td colspan='4' align='center'><b>PASSED TESTS</b></td></tr>
<tr><td><b>Test method</b></td>
<td width="30%"><b>Exception</b></td>
<td width="10%"><b>Time (seconds)</b></td>
<td><b>Instance</b></td>
</tr>
<tr>
<td title='parallel.ParallelRun.runScenario()'><b>runScenario</b><br>Test class: parallel.ParallelRun<br>Test method: Runs Cucumber Scenarios<br>Parameters: "Login page title", "Optional[Login page feature]"</td>
<td></td>
<td>14</td>
<td>parallel.ParallelRun@1bce4f0a</td></tr>
<tr>
<td title='parallel.ParallelRun.runScenario()'><b>runScenario</b><br>Test class: parallel.ParallelRun<br>Test method: Runs Cucumber Scenarios<br>Parameters: "Admin page title", "Optional[Admin Page Feature]"</td>
<td></td>
<td>23</td>
<td>parallel.ParallelRun@1bce4f0a</td></tr>
<tr>
<td title='parallel.ParallelRun.runScenario()'><b>runScenario</b><br>Test class: parallel.ParallelRun<br>Test method: Runs Cucumber Scenarios<br>Parameters: "Customer Added Successfully", "Optional[Customer Page feature]"</td>
<td></td>
<td>43</td>
<td>parallel.ParallelRun@1bce4f0a</td></tr>
<tr>
<td title='parallel.ParallelRun.runScenario()'><b>runScenario</b><br>Test class: parallel.ParallelRun<br>Test method: Runs Cucumber Scenarios<br>Parameters: "Customer Added Successfully", "Optional[Customer Page feature]"</td>
<td></td>
<td>44</td>
<td>parallel.ParallelRun@1bce4f0a</td></tr>
<tr>
<td title='parallel.ParallelRun.runScenario()'><b>runScenario</b><br>Test class: parallel.ParallelRun<br>Test method: Runs Cucumber Scenarios<br>Parameters: "Customer Added Successfully", "Optional[Customer Page feature]"</td>
<td></td>
<td>46</td>
<td>parallel.ParallelRun@1bce4f0a</td></tr>
</table><p>
</body>
</html>